TN:
SF:src\components\Card\index.tsx
FN:26,Card
FNF:1
FNH:0
FNDA:0,Card
DA:20,0
DA:27,0
LF:2
LH:0
BRF:0
BRH:0
end_of_record
TN:
SF:src\components\Forms\Button\index.tsx
FN:10,Button
FNF:1
FNH:1
FNDA:3,Button
DA:11,3
LF:1
LH:1
BRF:0
BRH:0
end_of_record
TN:
SF:src\components\Forms\CategorySelectButton\index.tsx
FN:16,CategorySelectButton
FNF:1
FNH:1
FNDA:2,CategorySelectButton
DA:21,2
LF:1
LH:1
BRF:0
BRH:0
end_of_record
TN:
SF:src\components\Forms\Input\index.tsx
FN:10,Input
FNF:1
FNH:1
FNDA:5,Input
DA:11,5
LF:1
LH:1
BRDA:10,0,0,4
BRF:1
BRH:1
end_of_record
TN:
SF:src\components\Forms\InputForm\index.tsx
FN:16,InputForm
FN:26,(anonymous_1)
FNF:2
FNH:2
FNDA:4,InputForm
FNDA:4,(anonymous_1)
DA:22,4
DA:27,4
LF:2
LH:2
BRDA:35,0,0,4
BRDA:35,0,1,0
BRF:2
BRH:1
end_of_record
TN:
SF:src\components\Forms\TransactionTypeButton\index.tsx
FN:18,TransactionTypeButton
FNF:1
FNH:1
FNDA:4,TransactionTypeButton
DA:7,1
DA:19,4
LF:2
LH:2
BRF:0
BRH:0
end_of_record
TN:
SF:src\components\HistoryCard\index.tsx
FN:11,HistoryCard
FNF:1
FNH:0
FNDA:0,HistoryCard
DA:12,0
LF:1
LH:0
BRF:0
BRH:0
end_of_record
TN:
SF:src\components\SignInSocialButton\index.tsx
FN:17,SignInSocialButton
FNF:1
FNH:0
FNDA:0,SignInSocialButton
DA:22,0
LF:1
LH:0
BRF:0
BRH:0
end_of_record
TN:
SF:src\components\TransactionCard\index.tsx
FN:19,TransactionCard
FN:21,(anonymous_1)
FNF:2
FNH:0
FNDA:0,TransactionCard
FNDA:0,(anonymous_1)
DA:20,0
DA:21,0
DA:24,0
LF:3
LH:0
BRDA:29,0,0,0
BRDA:29,0,1,0
BRF:2
BRH:0
end_of_record
TN:
SF:src\hooks\auth.tsx
FN:39,AuthProvider
FN:45,signInWithGoogle
FN:74,signInWithApple
FN:98,signOut
FN:103,(anonymous_4)
FN:104,loadUserStorageDate
FN:130,useAuth
FNF:7
FNH:6
FNDA:10,AuthProvider
FNDA:3,signInWithGoogle
FNDA:0,signInWithApple
FNDA:1,signOut
FNDA:4,(anonymous_4)
FNDA:4,loadUserStorageDate
FNDA:12,useAuth
DA:34,2
DA:35,2
DA:37,2
DA:40,10
DA:41,10
DA:43,10
DA:46,3
DA:47,3
DA:48,3
DA:50,3
DA:52,3
DA:54,2
DA:55,1
DA:56,1
DA:58,1
DA:64,1
DA:67,1
DA:70,1
DA:75,0
DA:99,1
DA:100,1
DA:103,10
DA:105,4
DA:107,4
DA:108,0
DA:109,0
DA:111,4
DA:114,4
DA:117,10
DA:131,12
DA:133,12
LF:31
LH:28
BRDA:54,0,0,1
BRDA:54,0,1,1
BRDA:107,1,0,0
BRDA:107,1,1,4
BRF:4
BRH:3
end_of_record
TN:
SF:src\routes\app.routes.tsx
FN:15,AppRoutes
FN:34,(anonymous_1)
FN:48,(anonymous_2)
FN:62,(anonymous_3)
FNF:4
FNH:0
FNDA:0,AppRoutes
FNDA:0,(anonymous_1)
FNDA:0,(anonymous_2)
FNDA:0,(anonymous_3)
DA:13,0
DA:16,0
DA:17,0
DA:35,0
DA:49,0
DA:63,0
LF:6
LH:0
BRDA:26,0,0,0
BRDA:26,0,1,0
BRF:2
BRH:0
end_of_record
TN:
SF:src\routes\auth.routes.tsx
FN:9,AuthRoutes
FNF:1
FNH:0
FNDA:0,AuthRoutes
DA:7,0
DA:10,0
LF:2
LH:0
BRF:0
BRH:0
end_of_record
TN:
SF:src\routes\index.tsx
FN:9,Routes
FNF:1
FNH:0
FNDA:0,Routes
DA:10,0
DA:11,0
LF:2
LH:0
BRDA:13,0,0,0
BRDA:13,0,1,0
BRF:2
BRH:0
end_of_record
TN:
SF:src\screens\CategorySelect\index.tsx
FN:32,CategorySelect
FN:38,handleCategorySelect
FN:50,(anonymous_2)
FN:51,(anonymous_3)
FN:53,(anonymous_4)
FN:60,(anonymous_5)
FNF:6
FNH:4
FNDA:1,CategorySelect
FNDA:0,handleCategorySelect
FNDA:6,(anonymous_2)
FNDA:6,(anonymous_3)
FNDA:0,(anonymous_4)
FNDA:5,(anonymous_5)
DA:39,0
DA:41,1
DA:50,6
DA:52,6
DA:53,0
DA:60,5
LF:6
LH:4
BRF:0
BRH:0
end_of_record
TN:
SF:src\screens\Dashboard\index.tsx
FN:46,Dashboard
FN:55,getLastTransactionDate
FN:57,(anonymous_2)
FN:65,(anonymous_3)
FN:71,loadTransactions
FN:80,(anonymous_5)
FN:155,(anonymous_6)
FN:160,(anonymous_7)
FN:164,Logout
FN:220,(anonymous_9)
FN:221,(anonymous_10)
FNF:11
FNH:0
FNDA:0,Dashboard
FNDA:0,getLastTransactionDate
FNDA:0,(anonymous_2)
FNDA:0,(anonymous_3)
FNDA:0,loadTransactions
FNDA:0,(anonymous_5)
FNDA:0,(anonymous_6)
FNDA:0,(anonymous_7)
FNDA:0,Logout
FNDA:0,(anonymous_9)
FNDA:0,(anonymous_10)
DA:47,0
DA:48,0
DA:49,0
DA:51,0
DA:52,0
DA:57,0
DA:59,0
DA:60,0
DA:63,0
DA:65,0
DA:67,0
DA:72,0
DA:73,0
DA:74,0
DA:76,0
DA:77,0
DA:80,0
DA:82,0
DA:83,0
DA:85,0
DA:89,0
DA:94,0
DA:100,0
DA:110,0
DA:113,0
DA:116,0
DA:119,0
DA:122,0
DA:125,0
DA:151,0
DA:155,0
DA:156,0
DA:160,0
DA:161,0
DA:165,0
DA:168,0
DA:220,0
DA:221,0
LF:38
LH:0
BRDA:59,0,0,0
BRDA:59,0,1,0
BRDA:74,1,0,0
BRDA:74,1,1,0
BRDA:82,2,0,0
BRDA:82,2,1,0
BRDA:119,3,0,0
BRDA:119,3,1,0
BRDA:131,4,0,0
BRDA:131,4,1,0
BRDA:139,5,0,0
BRDA:139,5,1,0
BRDA:171,6,0,0
BRDA:171,6,1,0
BRF:14
BRH:0
end_of_record
TN:
SF:src\screens\Profile\index.tsx
FN:4,Profile
FN:21,(anonymous_1)
FNF:2
FNH:1
FNDA:3,Profile
FNDA:0,(anonymous_1)
DA:5,3
LF:1
LH:1
BRF:0
BRH:0
end_of_record
TN:
SF:src\screens\Register\index.tsx
FN:46,Register
FN:68,handleTransactionTypeSelect
FN:72,handleCloseSelectCategoryModal
FN:76,handleOpenSelectCategoryModal
FN:81,handleRegister
FN:159,(anonymous_5)
FN:165,(anonymous_6)
FNF:7
FNH:2
FNDA:2,Register
FNDA:0,handleTransactionTypeSelect
FNDA:0,handleCloseSelectCategoryModal
FNDA:1,handleOpenSelectCategoryModal
FNDA:0,handleRegister
FNDA:0,(anonymous_5)
FNDA:0,(anonymous_6)
DA:41,1
DA:47,2
DA:48,2
DA:50,2
DA:52,2
DA:64,2
DA:69,0
DA:73,0
DA:77,1
DA:82,0
DA:83,0
DA:85,0
DA:86,0
DA:88,0
DA:101,0
DA:102,0
DA:103,0
DA:104,0
DA:106,0
DA:111,0
DA:114,0
DA:115,0
DA:116,0
DA:125,0
DA:126,0
DA:130,2
DA:159,0
DA:165,0
LF:28
LH:8
BRDA:82,0,0,0
BRDA:82,0,1,0
BRDA:85,1,0,0
BRDA:85,1,1,0
BRDA:104,2,0,0
BRDA:104,2,1,0
BRDA:145,3,0,2
BRDA:145,3,1,0
BRDA:152,4,0,2
BRDA:152,4,1,0
BRF:10
BRH:2
end_of_record
TN:
SF:src\screens\Resume\index.tsx
FN:51,Resume
FN:60,handleDateChange
FN:69,loadData
FN:75,(anonymous_3)
FN:81,(anonymous_4)
FN:87,(anonymous_5)
FN:89,(anonymous_6)
FN:118,(anonymous_7)
FN:142,(anonymous_8)
FN:150,(anonymous_9)
FN:158,(anonymous_10)
FN:172,(anonymous_11)
FNF:12
FNH:0
FNDA:0,Resume
FNDA:0,handleDateChange
FNDA:0,loadData
FNDA:0,(anonymous_3)
FNDA:0,(anonymous_4)
FNDA:0,(anonymous_5)
FNDA:0,(anonymous_6)
FNDA:0,(anonymous_7)
FNDA:0,(anonymous_8)
FNDA:0,(anonymous_9)
FNDA:0,(anonymous_10)
FNDA:0,(anonymous_11)
DA:52,0
DA:54,0
DA:56,0
DA:57,0
DA:58,0
DA:61,0
DA:62,0
DA:64,0
DA:70,0
DA:71,0
DA:72,0
DA:73,0
DA:75,0
DA:76,0
DA:81,0
DA:82,0
DA:85,0
DA:87,0
DA:88,0
DA:89,0
DA:90,0
DA:91,0
DA:95,0
DA:96,0
DA:101,0
DA:103,0
DA:114,0
DA:115,0
DA:118,0
DA:119,0
DA:122,0
DA:142,0
DA:150,0
DA:158,0
DA:173,0
LF:35
LH:0
BRDA:61,0,0,0
BRDA:61,0,1,0
BRDA:73,1,0,0
BRDA:73,1,1,0
BRDA:76,2,0,0
BRDA:76,2,1,0
BRDA:76,2,2,0
BRDA:90,3,0,0
BRDA:90,3,1,0
BRDA:95,4,0,0
BRDA:95,4,1,0
BRDA:128,5,0,0
BRDA:128,5,1,0
BRF:13
BRH:0
end_of_record
TN:
SF:src\screens\SignIn\index.tsx
FN:24,SignIn
FN:30,handleSignInWithGoogle
FN:41,handleSignInWithApple
FNF:3
FNH:0
FNDA:0,SignIn
FNDA:0,handleSignInWithGoogle
FNDA:0,handleSignInWithApple
DA:25,0
DA:26,0
DA:28,0
DA:31,0
DA:32,0
DA:33,0
DA:35,0
DA:36,0
DA:37,0
DA:42,0
DA:43,0
DA:45,0
DA:46,0
DA:47,0
DA:51,0
LF:15
LH:0
BRDA:82,0,0,0
BRDA:82,0,1,0
BRDA:90,1,0,0
BRDA:90,1,1,0
BRF:4
BRH:0
end_of_record
